<?xml version="1.0" encoding="UTF-8"?>
<!-- Generated by org.testng.reporters.JUnitReportReporter -->
<testsuite hostname="LAPTOP-B873D0T5" failures="0" tests="7" name="com.myecom.testcases.SignInPageTest" time="136.741" errors="0" timestamp="2022-09-20T17:51:24 IST" skipped="0">
  <testcase classname="com.myecom.testcases.SignInPageTest" name="createAccount" time="14.545"/>
  <system-out/>
  <testcase classname="com.myecom.testcases.SignInPageTest" name="login" time="13.336"/>
  <system-out/>
  <testcase classname="com.myecom.testcases.SignInPageTest" name="signInEmail" time="18.750"/>
  <system-out/>
  <testcase classname="com.myecom.testcases.SignInPageTest" name="validateSignIn" time="17.493"/>
  <system-out/>
  <testcase classname="com.myecom.testcases.SignInPageTest" name="validateNewAccount" time="26.249"/>
  <system-out/>
  <testcase classname="com.myecom.testcases.SignInPageTest" name="validateAccount" time="26.527"/>
  <system-out/>
  <testcase classname="com.myecom.testcases.SignInPageTest" name="signUpPage" time="19.841"/>
  <system-out/>
</testsuite> <!-- com.myecom.testcases.SignInPageTest -->
