<?xml version="1.0" encoding="UTF-8"?>
<!-- Generated by org.testng.reporters.JUnitReportReporter -->
<testsuite hostname="LAPTOP-B873D0T5" failures="0" tests="2" name="com.myecom.testcases.DemoTest" time="28.794" errors="0" timestamp="2022-09-21T14:23:03 IST" skipped="0">
  <testcase classname="com.myecom.testcases.DemoTest" name="test5" time="16.440"/>
  <system-out/>
  <testcase classname="com.myecom.testcases.DemoTest" name="test5" time="12.354"/>
  <system-out/>
</testsuite> <!-- com.myecom.testcases.DemoTest -->
