<?xml version="1.0" encoding="UTF-8"?>
<!-- Generated by org.testng.reporters.JUnitReportReporter -->
<testsuite hostname="LAPTOP-B873D0T5" failures="0" tests="1" name="com.myecom.testcases.IndexPageTest" time="11.048" errors="0" timestamp="2022-09-19T07:57:13 IST" skipped="0">
  <testcase classname="com.myecom.testcases.IndexPageTest" name="getTitleOfPage" time="11.048"/>
  <system-out/>
</testsuite> <!-- com.myecom.testcases.IndexPageTest -->
