<?xml version="1.0" encoding="UTF-8"?>
<!-- Generated by org.testng.reporters.JUnitReportReporter -->
<testsuite hostname="LAPTOP-B873D0T5" failures="0" tests="1" name="com.myecom.testcases.DemoTest" time="12.604" errors="0" timestamp="2022-09-20T07:34:51 IST" skipped="0">
  <testcase classname="com.myecom.testcases.DemoTest" name="test2" time="12.604"/>
  <system-out/>
</testsuite> <!-- com.myecom.testcases.DemoTest -->
