<?xml version="1.0" encoding="UTF-8"?>
<!-- Generated by org.testng.reporters.JUnitReportReporter -->
<testsuite hostname="LAPTOP-B873D0T5" failures="0" tests="1" name="com.myecom.testcases.SignInPageTest" time="18.640" errors="0" timestamp="2022-09-22T00:30:03 IST" skipped="0">
  <testcase classname="com.myecom.testcases.SignInPageTest" name="womenMouseAction" time="18.640"/>
  <system-out/>
</testsuite> <!-- com.myecom.testcases.SignInPageTest -->
