<?xml version="1.0" encoding="UTF-8"?>
<!-- Generated by org.testng.reporters.JUnitReportReporter -->
<testsuite hostname="LAPTOP-B873D0T5" failures="0" tests="1" name="com.myecom.testcases.SignInPageTest" time="36.934" errors="0" timestamp="2022-09-19T10:45:56 IST" skipped="0">
  <testcase classname="com.myecom.testcases.SignInPageTest" name="signUpPage" time="36.934"/>
  <system-out/>
</testsuite> <!-- com.myecom.testcases.SignInPageTest -->
