<?xml version="1.0" encoding="UTF-8"?>
<!-- Generated by org.testng.reporters.JUnitReportReporter -->
<testsuite hostname="LAPTOP-B873D0T5" failures="0" tests="9" name="com.myecom.testcases.DemoTest" time="142.634" errors="0" timestamp="2022-09-20T19:42:03 IST" skipped="0">
  <testcase classname="com.myecom.testcases.DemoTest" name="test2" time="22.535"/>
  <system-out/>
  <testcase classname="com.myecom.testcases.DemoTest" name="test2" time="12.258"/>
  <system-out/>
  <testcase classname="com.myecom.testcases.DemoTest" name="test2" time="11.479"/>
  <system-out/>
  <testcase classname="com.myecom.testcases.DemoTest" name="test3" time="9.735"/>
  <system-out/>
  <testcase classname="com.myecom.testcases.DemoTest" name="test3" time="17.912"/>
  <system-out/>
  <testcase classname="com.myecom.testcases.DemoTest" name="test3" time="20.155"/>
  <system-out/>
  <testcase classname="com.myecom.testcases.DemoTest" name="test1" time="20.528"/>
  <system-out/>
  <testcase classname="com.myecom.testcases.DemoTest" name="test1" time="18.256"/>
  <system-out/>
  <testcase classname="com.myecom.testcases.DemoTest" name="test1" time="9.776"/>
  <system-out/>
</testsuite> <!-- com.myecom.testcases.DemoTest -->
